Arguments: 
  /usr/local/bin/node /opt/homebrew/bin/yarn init

PATH: 
  /opt/homebrew/Cellar/nodenv/1.4.0/libexec:/Users/rubenschaller/opt/anaconda3/bin:/Users/rubenschaller/opt/anaconda3/condabin:/Users/rubenschaller/.nodenv/shims:/Users/rubenschaller/.gem/ruby/2.7.3/bin:/Users/rubenschaller/.rubies/ruby-2.7.3/lib/ruby/gems/2.7.0/bin:/Users/rubenschaller/.rubies/ruby-2.7.3/bin:/Users/rubenschaller/.bin:/Users/rubenschaller/code/solana/solana/bin:/Users/rubenschaller/.local/share/solana/install/active_release/bin:/opt/homebrew/bin:/opt/homebrew/sbin:/usr/local/bin:/usr/bin:/bin:/usr/sbin:/sbin:/Library/Frameworks/Mono.framework/Versions/Current/Commands:/Users/rubenschaller/.cargo/bin

Yarn version: 
  1.22.17

Node version: 
  14.18.2

Platform: 
  darwin x64

Trace: 
  Error: canceled
      at Interface.<anonymous> (/opt/homebrew/lib/node_modules/yarn/lib/cli.js:137143:13)
      at Interface.emit (events.js:400:28)
      at Interface._ttyWrite (readline.js:1001:16)
      at ReadStream.onkeypress (readline.js:265:10)
      at ReadStream.emit (events.js:400:28)
      at emitKeys (internal/readline/utils.js:358:14)
      at emitKeys.next (<anonymous>)
      at ReadStream.onData (readline.js:1270:36)
      at ReadStream.emit (events.js:400:28)
      at addChunk (internal/streams/readable.js:293:12)

npm manifest: 
  No manifest

yarn manifest: 
  No manifest

Lockfile: 
  No lockfile
